<?xml version="1.0" encoding="UTF-8"?>
<!-- Generated by org.testng.reporters.JUnitXMLReporter -->
<testsuite ignored="0" hostname="ManiKillam" failures="0" tests="3" name="Default test" time="28.35" errors="0" timestamp="2022-10-08T20:03:29 IST">
  <testcase classname="naukriprofile.Naukri_login" name="open_browser" time="14.883"/>
  <testcase classname="naukriprofile.Naukri_login" name="login_naukri" time="10.649"/>
  <testcase classname="naukriprofile.Naukri_login" name="search" time="2.772"/>
</testsuite> <!-- Default test -->
