<?xml version="1.0" encoding="UTF-8"?>
<testng-results ignored="0" total="3" passed="3" failed="0" skipped="0">
  <reporter-output>
  </reporter-output>
  <suite started-at="2022-10-08T20:03:01 IST" name="Default suite" finished-at="2022-10-08T20:03:29 IST" duration-ms="28350">
    <groups>
    </groups>
    <test started-at="2022-10-08T20:03:01 IST" name="Default test" finished-at="2022-10-08T20:03:29 IST" duration-ms="28350">
      <class name="naukriprofile.Naukri_login">
        <test-method signature="open_browser()[pri:1, instance:naukriprofile.Naukri_login@1dde4cb2]" started-at="2022-10-08T20:03:01 IST" name="open_browser" finished-at="2022-10-08T20:03:16 IST" duration-ms="14883" status="PASS">
          <reporter-output>
          </reporter-output>
        </test-method> <!-- open_browser -->
        <test-method signature="login_naukri()[pri:2, instance:naukriprofile.Naukri_login@1dde4cb2]" started-at="2022-10-08T20:03:16 IST" name="login_naukri" finished-at="2022-10-08T20:03:27 IST" duration-ms="10649" status="PASS">
          <reporter-output>
          </reporter-output>
        </test-method> <!-- login_naukri -->
        <test-method signature="search()[pri:3, instance:naukriprofile.Naukri_login@1dde4cb2]" started-at="2022-10-08T20:03:27 IST" name="search" finished-at="2022-10-08T20:03:29 IST" duration-ms="2772" status="PASS">
          <reporter-output>
          </reporter-output>
        </test-method> <!-- search -->
      </class> <!-- naukriprofile.Naukri_login -->
    </test> <!-- Default test -->
  </suite> <!-- Default suite -->
</testng-results>
